[14-Jan-2026 19:03:59 UTC] PHP Warning:  require_once(/Users/joanromero/Local Sites/cdc-gestion/app/public/wp-content/plugins/cdc-admin/includes/admin-pages/personas-page.php): Failed to open stream: No such file or directory in /Users/joanromero/Local Sites/cdc-gestion/app/public/wp-content/plugins/cdc-admin/cdc-admin.php on line 116
[14-Jan-2026 19:03:59 UTC] PHP Fatal error:  Uncaught Error: Failed opening required '/Users/joanromero/Local Sites/cdc-gestion/app/public/wp-content/plugins/cdc-admin/includes/admin-pages/personas-page.php' (include_path='.:/usr/share/php:/www/wp-content/pear') in /Users/joanromero/Local Sites/cdc-gestion/app/public/wp-content/plugins/cdc-admin/cdc-admin.php:116
Stack trace:
#0 /Users/joanromero/Local Sites/cdc-gestion/app/public/wp-content/plugins/cdc-admin/cdc-admin.php(70): CDC_Admin->load_dependencies()
#1 /Users/joanromero/Local Sites/cdc-gestion/app/public/wp-content/plugins/cdc-admin/cdc-admin.php(60): CDC_Admin->__construct()
#2 /Users/joanromero/Local Sites/cdc-gestion/app/public/wp-content/plugins/cdc-admin/cdc-admin.php(283): CDC_Admin::get_instance()
#3 /Users/joanromero/Local Sites/cdc-gestion/app/public/wp-content/plugins/cdc-admin/cdc-admin.php(287): cdc_admin_init()
#4 /Users/joanromero/Local Sites/cdc-gestion/app/public/wp-admin/includes/plugin.php(2400): include_once('/Users/joanrome...')
#5 /Users/joanromero/Local Sites/cdc-gestion/app/public/wp-admin/includes/plugin.php(673): plugin_sandbox_scrape('cdc-admin/cdc-a...')
#6 /Users/joanromero/Local Sites/cdc-gestion/app/public/wp-admin/plugins.php(60): activate_plugin('cdc-admin/cdc-a...', 'http://localhos...', false)
#7 {main}
  thrown in /Users/joanromero/Local Sites/cdc-gestion/app/public/wp-content/plugins/cdc-admin/cdc-admin.php on line 116
[14-Jan-2026 19:04:14 UTC] PHP Warning:  require_once(/Users/joanromero/Local Sites/cdc-gestion/app/public/wp-content/plugins/cdc-admin/includes/admin-pages/personas-page.php): Failed to open stream: No such file or directory in /Users/joanromero/Local Sites/cdc-gestion/app/public/wp-content/plugins/cdc-admin/cdc-admin.php on line 116
[14-Jan-2026 19:04:14 UTC] PHP Fatal error:  Uncaught Error: Failed opening required '/Users/joanromero/Local Sites/cdc-gestion/app/public/wp-content/plugins/cdc-admin/includes/admin-pages/personas-page.php' (include_path='.:/usr/share/php:/www/wp-content/pear') in /Users/joanromero/Local Sites/cdc-gestion/app/public/wp-content/plugins/cdc-admin/cdc-admin.php:116
Stack trace:
#0 /Users/joanromero/Local Sites/cdc-gestion/app/public/wp-content/plugins/cdc-admin/cdc-admin.php(70): CDC_Admin->load_dependencies()
#1 /Users/joanromero/Local Sites/cdc-gestion/app/public/wp-content/plugins/cdc-admin/cdc-admin.php(60): CDC_Admin->__construct()
#2 /Users/joanromero/Local Sites/cdc-gestion/app/public/wp-content/plugins/cdc-admin/cdc-admin.php(283): CDC_Admin::get_instance()
#3 /Users/joanromero/Local Sites/cdc-gestion/app/public/wp-content/plugins/cdc-admin/cdc-admin.php(287): cdc_admin_init()
#4 /Users/joanromero/Local Sites/cdc-gestion/app/public/wp-admin/includes/plugin.php(2400): include_once('/Users/joanrome...')
#5 /Users/joanromero/Local Sites/cdc-gestion/app/public/wp-admin/includes/plugin.php(673): plugin_sandbox_scrape('cdc-admin/cdc-a...')
#6 /Users/joanromero/Local Sites/cdc-gestion/app/public/wp-admin/plugins.php(60): activate_plugin('cdc-admin/cdc-a...', 'http://localhos...', false)
#7 {main}
  thrown in /Users/joanromero/Local Sites/cdc-gestion/app/public/wp-content/plugins/cdc-admin/cdc-admin.php on line 116
[14-Jan-2026 19:04:29 UTC] PHP Warning:  require_once(/Users/joanromero/Local Sites/cdc-gestion/app/public/wp-content/plugins/cdc-admin/includes/admin-pages/personas-page.php): Failed to open stream: No such file or directory in /Users/joanromero/Local Sites/cdc-gestion/app/public/wp-content/plugins/cdc-admin/cdc-admin.php on line 116
[14-Jan-2026 19:04:29 UTC] PHP Fatal error:  Uncaught Error: Failed opening required '/Users/joanromero/Local Sites/cdc-gestion/app/public/wp-content/plugins/cdc-admin/includes/admin-pages/personas-page.php' (include_path='.:/usr/share/php:/www/wp-content/pear') in /Users/joanromero/Local Sites/cdc-gestion/app/public/wp-content/plugins/cdc-admin/cdc-admin.php:116
Stack trace:
#0 /Users/joanromero/Local Sites/cdc-gestion/app/public/wp-content/plugins/cdc-admin/cdc-admin.php(70): CDC_Admin->load_dependencies()
#1 /Users/joanromero/Local Sites/cdc-gestion/app/public/wp-content/plugins/cdc-admin/cdc-admin.php(60): CDC_Admin->__construct()
#2 /Users/joanromero/Local Sites/cdc-gestion/app/public/wp-content/plugins/cdc-admin/cdc-admin.php(283): CDC_Admin::get_instance()
#3 /Users/joanromero/Local Sites/cdc-gestion/app/public/wp-content/plugins/cdc-admin/cdc-admin.php(287): cdc_admin_init()
#4 /Users/joanromero/Local Sites/cdc-gestion/app/public/wp-admin/includes/plugin.php(2400): include_once('/Users/joanrome...')
#5 /Users/joanromero/Local Sites/cdc-gestion/app/public/wp-admin/includes/plugin.php(673): plugin_sandbox_scrape('cdc-admin/cdc-a...')
#6 /Users/joanromero/Local Sites/cdc-gestion/app/public/wp-admin/plugins.php(60): activate_plugin('cdc-admin/cdc-a...', 'http://localhos...', false)
#7 {main}
  thrown in /Users/joanromero/Local Sites/cdc-gestion/app/public/wp-content/plugins/cdc-admin/cdc-admin.php on line 116
[14-Jan-2026 19:05:27 UTC] PHP Warning:  require_once(/Users/joanromero/Local Sites/cdc-gestion/app/public/wp-content/plugins/cdc-admin/includes/admin-pages/personas-page.php): Failed to open stream: No such file or directory in /Users/joanromero/Local Sites/cdc-gestion/app/public/wp-content/plugins/cdc-admin/cdc-admin.php on line 116
[14-Jan-2026 19:05:27 UTC] PHP Fatal error:  Uncaught Error: Failed opening required '/Users/joanromero/Local Sites/cdc-gestion/app/public/wp-content/plugins/cdc-admin/includes/admin-pages/personas-page.php' (include_path='.:/usr/share/php:/www/wp-content/pear') in /Users/joanromero/Local Sites/cdc-gestion/app/public/wp-content/plugins/cdc-admin/cdc-admin.php:116
Stack trace:
#0 /Users/joanromero/Local Sites/cdc-gestion/app/public/wp-content/plugins/cdc-admin/cdc-admin.php(70): CDC_Admin->load_dependencies()
#1 /Users/joanromero/Local Sites/cdc-gestion/app/public/wp-content/plugins/cdc-admin/cdc-admin.php(60): CDC_Admin->__construct()
#2 /Users/joanromero/Local Sites/cdc-gestion/app/public/wp-content/plugins/cdc-admin/cdc-admin.php(283): CDC_Admin::get_instance()
#3 /Users/joanromero/Local Sites/cdc-gestion/app/public/wp-content/plugins/cdc-admin/cdc-admin.php(287): cdc_admin_init()
#4 /Users/joanromero/Local Sites/cdc-gestion/app/public/wp-admin/includes/plugin.php(2400): include_once('/Users/joanrome...')
#5 /Users/joanromero/Local Sites/cdc-gestion/app/public/wp-admin/includes/plugin.php(673): plugin_sandbox_scrape('cdc-admin/cdc-a...')
#6 /Users/joanromero/Local Sites/cdc-gestion/app/public/wp-admin/plugins.php(60): activate_plugin('cdc-admin/cdc-a...', 'http://localhos...', false)
#7 {main}
  thrown in /Users/joanromero/Local Sites/cdc-gestion/app/public/wp-content/plugins/cdc-admin/cdc-admin.php on line 116
